<?xml version="1.0" encoding="UTF-8"?>
<coverage generated="1784388763275" clover="3.2.0">
  <project timestamp="1784388763275" name="All files">
    <metrics statements="7" coveredstatements="7" conditionals="12" coveredconditionals="12" methods="5" coveredmethods="5" elements="24" coveredelements="24" complexity="0" loc="7" ncloc="7" packages="1" files="1" classes="1"/>
    <file name="groupImport.js" path="/Users/pan/src/geekdex/subout/web/src/utils/groupImport.js">
      <metrics statements="7" coveredstatements="7" conditionals="12" coveredconditionals="12" methods="5" coveredmethods="5"/>
      <line num="11" count="34" type="cond" truecount="2" falsecount="0"/>
      <line num="12" count="34" type="cond" truecount="2" falsecount="0"/>
      <line num="13" count="34" type="cond" truecount="2" falsecount="0"/>
      <line num="14" count="84" type="cond" truecount="2" falsecount="0"/>
      <line num="25" count="10" type="cond" truecount="2" falsecount="0"/>
      <line num="26" count="20" type="cond" truecount="2" falsecount="0"/>
      <line num="36" count="9" type="stmt"/>
    </file>
  </project>
</coverage>
