{"/Users/pan/src/geekdex/subout/web/src/utils/groupImport.js": {"path":"/Users/pan/src/geekdex/subout/web/src/utils/groupImport.js","statementMap":{"0":{"start":{"line":11,"column":21},"end":{"line":11,"column":55}},"1":{"start":{"line":12,"column":15},"end":{"line":12,"column":27}},"2":{"start":{"line":13,"column":2},"end":{"line":13,"column":null}},"3":{"start":{"line":13,"column":19},"end":{"line":13,"column":null}},"4":{"start":{"line":14,"column":2},"end":{"line":14,"column":null}},"5":{"start":{"line":14,"column":28},"end":{"line":14,"column":77}},"6":{"start":{"line":25,"column":2},"end":{"line":27,"column":null}},"7":{"start":{"line":26,"column":11},"end":{"line":26,"column":68}},"8":{"start":{"line":36,"column":2},"end":{"line":36,"column":null}}},"fnMap":{"0":{"name":"filterGroupsByQuery","decl":{"start":{"line":10,"column":16},"end":{"line":10,"column":35}},"loc":{"start":{"line":10,"column":51},"end":{"line":15,"column":null}},"line":10},"1":{"name":"(anonymous_1)","decl":{"start":{"line":14,"column":21},"end":{"line":14,"column":22}},"loc":{"start":{"line":14,"column":28},"end":{"line":14,"column":77}},"line":14},"2":{"name":"isGroupImported","decl":{"start":{"line":24,"column":16},"end":{"line":24,"column":31}},"loc":{"start":{"line":24,"column":48},"end":{"line":28,"column":null}},"line":24},"3":{"name":"(anonymous_3)","decl":{"start":{"line":26,"column":4},"end":{"line":26,"column":5}},"loc":{"start":{"line":26,"column":11},"end":{"line":26,"column":68}},"line":26},"4":{"name":"clearSearchQuery","decl":{"start":{"line":35,"column":16},"end":{"line":35,"column":32}},"loc":{"start":{"line":35,"column":35},"end":{"line":37,"column":null}},"line":35}},"branchMap":{"0":{"loc":{"start":{"line":11,"column":22},"end":{"line":11,"column":33}},"type":"binary-expr","locations":[{"start":{"line":11,"column":22},"end":{"line":11,"column":27}},{"start":{"line":11,"column":31},"end":{"line":11,"column":33}}],"line":11},"1":{"loc":{"start":{"line":12,"column":15},"end":{"line":12,"column":27}},"type":"binary-expr","locations":[{"start":{"line":12,"column":15},"end":{"line":12,"column":21}},{"start":{"line":12,"column":25},"end":{"line":12,"column":27}}],"line":12},"2":{"loc":{"start":{"line":13,"column":2},"end":{"line":13,"column":null}},"type":"if","locations":[{"start":{"line":13,"column":2},"end":{"line":13,"column":null}},{"start":{},"end":{}}],"line":13},"3":{"loc":{"start":{"line":14,"column":29},"end":{"line":14,"column":41}},"type":"binary-expr","locations":[{"start":{"line":14,"column":29},"end":{"line":14,"column":35}},{"start":{"line":14,"column":39},"end":{"line":14,"column":41}}],"line":14},"4":{"loc":{"start":{"line":25,"column":10},"end":{"line":25,"column":25}},"type":"binary-expr","locations":[{"start":{"line":25,"column":10},"end":{"line":25,"column":19}},{"start":{"line":25,"column":23},"end":{"line":25,"column":25}}],"line":25},"5":{"loc":{"start":{"line":26,"column":11},"end":{"line":26,"column":68}},"type":"binary-expr","locations":[{"start":{"line":26,"column":11},"end":{"line":26,"column":24}},{"start":{"line":26,"column":28},"end":{"line":26,"column":68}}],"line":26}},"s":{"0":34,"1":34,"2":34,"3":11,"4":23,"5":84,"6":10,"7":20,"8":9},"f":{"0":34,"1":84,"2":10,"3":20,"4":9},"b":{"0":[34,8],"1":[34,2],"2":[11,23],"3":[84,2],"4":[10,2],"5":[20,5]},"meta":{"lastBranch":6,"lastFunction":5,"lastStatement":9,"seen":{"f:10:16:10:35":0,"s:11:21:11:55":0,"b:11:22:11:27:11:31:11:33":0,"s:12:15:12:27":1,"b:12:15:12:21:12:25:12:27":1,"b:13:2:13:Infinity:undefined:undefined:undefined:undefined":2,"s:13:2:13:Infinity":2,"s:13:19:13:Infinity":3,"s:14:2:14:Infinity":4,"f:14:21:14:22":1,"s:14:28:14:77":5,"b:14:29:14:35:14:39:14:41":3,"f:24:16:24:31":2,"s:25:2:27:Infinity":6,"b:25:10:25:19:25:23:25:25":4,"f:26:4:26:5":3,"s:26:11:26:68":7,"b:26:11:26:24:26:28:26:68":5,"f:35:16:35:32":4,"s:36:2:36:Infinity":8},"fnNames":{}}}
}
